Content-Type: multipart/mixed; boundary="===============7267043503639124340=="
MIME-Version: 1.0
Subject: Contracts Error log
From: from@example.com
To: to@example.com
Date: Fri, 11 Oct 2019 11:18:44 -0000
Message-ID: 
 <157079272497.8773.12560037847478148316@apples-MacBook-Air-2.local>

--===============7267043503639124340==
Content-Type: multipart/alternative;
 boundary="===============3895697876228617689=="
MIME-Version: 1.0

--===============3895697876228617689==
Content-Type: text/plain; charset="utf-8"
MIME-Version: 1.0
Content-Transfer-Encoding: 7bit

This is an important message.
--===============3895697876228617689==
Content-Type: text/html; charset="utf-8"
MIME-Version: 1.0
Content-Transfer-Encoding: 7bit

<h1> Contracts Error Report </h1>
<p> Total number of records that were erroneous = 0")</p>
<p> Total number of repeated records = 0")</p>

--===============3895697876228617689==--

--===============7267043503639124340==
Content-Type: application/json
MIME-Version: 1.0
Content-Transfer-Encoding: base64
Content-Disposition: attachment; filename="populate_contracts_error_data.json"

eyJyZXBlYXRlZCI6IFtdLCAiZXJyb3IiOiBbXX0=

--===============7267043503639124340==--

-------------------------------------------------------------------------------
